{"/mnt/3A8D11B62A29E590/WCS/AlternanceWCS/ProjetSemi/2109-wns-paris-les-semicroustillant-back/src/server.ts": {"path":"/mnt/3A8D11B62A29E590/WCS/AlternanceWCS/ProjetSemi/2109-wns-paris-les-semicroustillant-back/src/server.ts","statementMap":{"0":{"start":{"line":1,"column":0},"end":{"line":1,"column":26}},"1":{"start":{"line":2,"column":0},"end":{"line":2,"column":45}},"2":{"start":{"line":3,"column":0},"end":{"line":3,"column":43}},"3":{"start":{"line":4,"column":0},"end":{"line":4,"column":54}},"4":{"start":{"line":5,"column":0},"end":{"line":5,"column":58}},"5":{"start":{"line":9,"column":17},"end":{"line":11,"column":4}},"6":{"start":{"line":13,"column":17},"end":{"line":13,"column":45}},"7":{"start":{"line":15,"column":2},"end":{"line":15,"column":16}},"8":{"start":{"line":18,"column":0},"end":{"line":18,"column":28}}},"fnMap":{"0":{"name":"createServer","decl":{"start":{"line":8,"column":15},"end":{"line":8,"column":27}},"loc":{"start":{"line":8,"column":27},"end":{"line":16,"column":1}}}},"branchMap":{},"s":{"0":2,"1":2,"2":2,"3":2,"4":2,"5":2,"6":2,"7":2,"8":2},"f":{"0":2},"b":{}}
,"/mnt/3A8D11B62A29E590/WCS/AlternanceWCS/ProjetSemi/2109-wns-paris-les-semicroustillant-back/src/models/Tickets.ts": {"path":"/mnt/3A8D11B62A29E590/WCS/AlternanceWCS/ProjetSemi/2109-wns-paris-les-semicroustillant-back/src/models/Tickets.ts","statementMap":{"0":{"start":{"line":1,"column":0},"end":{"line":1,"column":51}},"1":{"start":{"line":3,"column":21},"end":{"line":13,"column":2}},"2":{"start":{"line":14,"column":21},"end":{"line":14,"column":51}},"3":{"start":{"line":16,"column":0},"end":{"line":16,"column":28}}},"fnMap":{},"branchMap":{},"s":{"0":2,"1":2,"2":2,"3":2},"f":{},"b":{}}
}
